<?xml version="1.0" encoding="UTF-8"?>
<testsuite name="biz.paypay.dataMapper.EmployerDataMapperTest" tests="5" skipped="0" failures="0" errors="0" timestamp="2020-09-11T02:22:07" hostname="monex" time="0.193">
  <properties/>
  <testcase name="test_create" classname="biz.paypay.dataMapper.EmployerDataMapperTest" time="0.125"/>
  <testcase name="test_delete" classname="biz.paypay.dataMapper.EmployerDataMapperTest" time="0.018"/>
  <testcase name="test_update" classname="biz.paypay.dataMapper.EmployerDataMapperTest" time="0.029"/>
  <testcase name="test_getAll_returnList" classname="biz.paypay.dataMapper.EmployerDataMapperTest" time="0.01"/>
  <testcase name="test_get_returnEmployer" classname="biz.paypay.dataMapper.EmployerDataMapperTest" time="0.01"/>
  <system-out><![CDATA[testDbUrl = jdbc:postgresql://localhost/empdb
1
02:22:07.591 [Test worker] DEBUG org.springframework.jdbc.datasource.DriverManagerDataSource - Creating new JDBC DriverManager Connection to [jdbc:postgresql://localhost/empdb]
02:22:07.652 [Test worker] INFO com.miragesql.miragesql.provider.DataSourceConnectionProvider - Get Connection from DataSource.
02:22:07.653 [Test worker] INFO com.miragesql.miragesql.SqlExecutor - TRUNCATE TABLE employer CASCADE
02:22:07.664 [Test worker] INFO com.miragesql.miragesql.SqlExecutor - TRUNCATE TABLE emp_performance CASCADE
02:22:07.673 [Test worker] INFO com.miragesql.miragesql.SqlExecutor - INSERT INTO employer
(
    id,
    emp_code,
    first_name,
    last_name
)
VALUES
(
    NEXTVAL('employer_id_seq'),
    ?,
    ?,
    ?
)
02:22:07.674 [Test worker] INFO com.miragesql.miragesql.SqlExecutor - params[0]=100
02:22:07.674 [Test worker] INFO com.miragesql.miragesql.SqlExecutor - params[1]=Khishig
02:22:07.674 [Test worker] INFO com.miragesql.miragesql.SqlExecutor - params[2]=Sosor
02:22:07.679 [Test worker] INFO com.miragesql.miragesql.SqlExecutor - SELECT
  emp.id,
  emp.emp_code,
  emp.first_name,
  emp.last_name
FROM
  employer emp
WHERE
  emp_code = ?
02:22:07.680 [Test worker] INFO com.miragesql.miragesql.SqlExecutor - params[0]=100
02:22:07.690 [Test worker] INFO com.miragesql.miragesql.SqlExecutor - TRUNCATE TABLE employer CASCADE
02:22:07.694 [Test worker] INFO com.miragesql.miragesql.SqlExecutor - TRUNCATE TABLE emp_performance CASCADE
02:22:07.698 [Test worker] INFO com.miragesql.miragesql.SqlExecutor - SELECT NEXTVAL('employer_id_seq')
02:22:07.701 [Test worker] INFO com.miragesql.miragesql.SqlExecutor - INSERT INTO employer (EMP_CODE, FIRST_NAME, LAST_NAME, ID) VALUES (?, ?, ?, ?)
02:22:07.702 [Test worker] INFO com.miragesql.miragesql.SqlExecutor - [0]
02:22:07.702 [Test worker] INFO com.miragesql.miragesql.SqlExecutor - params[0]=100
02:22:07.702 [Test worker] INFO com.miragesql.miragesql.SqlExecutor - params[1]=Khishig
02:22:07.702 [Test worker] INFO com.miragesql.miragesql.SqlExecutor - params[2]=Sosor
02:22:07.702 [Test worker] INFO com.miragesql.miragesql.SqlExecutor - params[3]=55
02:22:07.705 [Test worker] INFO com.miragesql.miragesql.SqlExecutor - DELETE FROM employer WHERE emp_code = ?
02:22:07.705 [Test worker] INFO com.miragesql.miragesql.SqlExecutor - params[0]=100
02:22:07.706 [Test worker] INFO com.miragesql.miragesql.SqlExecutor - SELECT
  emp.id,
  emp.emp_code,
  emp.first_name,
  emp.last_name
FROM
  employer emp
WHERE
  emp_code = ?
02:22:07.707 [Test worker] INFO com.miragesql.miragesql.SqlExecutor - params[0]=100
02:22:07.708 [Test worker] INFO com.miragesql.miragesql.SqlExecutor - TRUNCATE TABLE employer CASCADE
02:22:07.711 [Test worker] INFO com.miragesql.miragesql.SqlExecutor - TRUNCATE TABLE emp_performance CASCADE
02:22:07.714 [Test worker] INFO com.miragesql.miragesql.SqlExecutor - SELECT NEXTVAL('employer_id_seq')
02:22:07.714 [Test worker] INFO com.miragesql.miragesql.SqlExecutor - INSERT INTO employer (EMP_CODE, FIRST_NAME, LAST_NAME, ID) VALUES (?, ?, ?, ?)
02:22:07.714 [Test worker] INFO com.miragesql.miragesql.SqlExecutor - [0]
02:22:07.715 [Test worker] INFO com.miragesql.miragesql.SqlExecutor - params[0]=100
02:22:07.715 [Test worker] INFO com.miragesql.miragesql.SqlExecutor - params[1]=Khishig
02:22:07.715 [Test worker] INFO com.miragesql.miragesql.SqlExecutor - params[2]=Sosor
02:22:07.715 [Test worker] INFO com.miragesql.miragesql.SqlExecutor - params[3]=56
02:22:07.734 [Test worker] INFO com.miragesql.miragesql.SqlExecutor - UPDATE employer
SET
    id =  ?
  , emp_code =  ?
  , first_name =  ?
  , last_name =  ?
WHERE id = ?
02:22:07.734 [Test worker] INFO com.miragesql.miragesql.SqlExecutor - params[0]=1
02:22:07.735 [Test worker] INFO com.miragesql.miragesql.SqlExecutor - params[1]=100
02:22:07.735 [Test worker] INFO com.miragesql.miragesql.SqlExecutor - params[2]=Khishig
02:22:07.735 [Test worker] INFO com.miragesql.miragesql.SqlExecutor - params[3]=Sosor
02:22:07.735 [Test worker] INFO com.miragesql.miragesql.SqlExecutor - params[4]=1
02:22:07.736 [Test worker] INFO com.miragesql.miragesql.SqlExecutor - SELECT
  emp.id,
  emp.emp_code,
  emp.first_name,
  emp.last_name
FROM
  employer emp
WHERE
  emp_code = ?
02:22:07.737 [Test worker] INFO com.miragesql.miragesql.SqlExecutor - params[0]=100
02:22:07.738 [Test worker] INFO com.miragesql.miragesql.SqlExecutor - TRUNCATE TABLE employer CASCADE
02:22:07.742 [Test worker] INFO com.miragesql.miragesql.SqlExecutor - TRUNCATE TABLE emp_performance CASCADE
02:22:07.745 [Test worker] INFO com.miragesql.miragesql.SqlExecutor - SELECT NEXTVAL('employer_id_seq')
02:22:07.745 [Test worker] INFO com.miragesql.miragesql.SqlExecutor - INSERT INTO employer (EMP_CODE, FIRST_NAME, LAST_NAME, ID) VALUES (?, ?, ?, ?)
02:22:07.745 [Test worker] INFO com.miragesql.miragesql.SqlExecutor - [0]
02:22:07.745 [Test worker] INFO com.miragesql.miragesql.SqlExecutor - params[0]=100
02:22:07.746 [Test worker] INFO com.miragesql.miragesql.SqlExecutor - params[1]=Khishig
02:22:07.746 [Test worker] INFO com.miragesql.miragesql.SqlExecutor - params[2]=Sosor
02:22:07.746 [Test worker] INFO com.miragesql.miragesql.SqlExecutor - params[3]=57
02:22:07.747 [Test worker] INFO com.miragesql.miragesql.SqlExecutor - SELECT
  emp.id,
  emp.emp_code,
  emp.first_name,
  emp.last_name
FROM
  employer emp
02:22:07.749 [Test worker] INFO com.miragesql.miragesql.SqlExecutor - TRUNCATE TABLE employer CASCADE
02:22:07.752 [Test worker] INFO com.miragesql.miragesql.SqlExecutor - TRUNCATE TABLE emp_performance CASCADE
02:22:07.754 [Test worker] INFO com.miragesql.miragesql.SqlExecutor - SELECT NEXTVAL('employer_id_seq')
02:22:07.755 [Test worker] INFO com.miragesql.miragesql.SqlExecutor - INSERT INTO employer (EMP_CODE, FIRST_NAME, LAST_NAME, ID) VALUES (?, ?, ?, ?)
02:22:07.755 [Test worker] INFO com.miragesql.miragesql.SqlExecutor - [0]
02:22:07.755 [Test worker] INFO com.miragesql.miragesql.SqlExecutor - params[0]=100
02:22:07.756 [Test worker] INFO com.miragesql.miragesql.SqlExecutor - params[1]=Khishig
02:22:07.756 [Test worker] INFO com.miragesql.miragesql.SqlExecutor - params[2]=Sosor
02:22:07.756 [Test worker] INFO com.miragesql.miragesql.SqlExecutor - params[3]=58
02:22:07.757 [Test worker] INFO com.miragesql.miragesql.SqlExecutor - SELECT
  emp.id,
  emp.emp_code,
  emp.first_name,
  emp.last_name
FROM
  employer emp
WHERE
  emp_code = ?
02:22:07.757 [Test worker] INFO com.miragesql.miragesql.SqlExecutor - params[0]=100
]]></system-out>
  <system-err><![CDATA[]]></system-err>
</testsuite>
