<?xml version="1.0" encoding="UTF-8"?>
<testsuite name="biz.paypay.repository.EmployerRepositoryTest" tests="2" skipped="0" failures="0" errors="0" timestamp="2020-09-11T02:22:07" hostname="monex" time="0.02">
  <properties/>
  <testcase name="test_get_returnListEmployer" classname="biz.paypay.repository.EmployerRepositoryTest" time="0.016"/>
  <testcase name="test_get_callsDependencies" classname="biz.paypay.repository.EmployerRepositoryTest" time="0.004"/>
  <system-out><![CDATA[]]></system-out>
  <system-err><![CDATA[]]></system-err>
</testsuite>
